NODE_94_length_21295_cov_9.556140.0_11	gi|326783687|ref|YP_004324081.1|	2e-09	32.73	130	14	122	2228	2323	110	2328
NODE_118_length_15438_cov_8.266615_4	239507410-3	3e-10	40.91	139	115	180	706	770	66	793
NODE_505_length_906976_cov_6.853119.72_7	349732067-3	2e-05	27.78	103	154	243	643	730	90	767
NODE_505_length_906976_cov_6.853119.77_7	gi|13786542|ref|NP_112674.1|	7e-64	60.36	509	5	168	9	162	169	207
NODE_505_length_906976_cov_6.853119.89_13	9633052-1	1e-06	33.62	120	448	557	1078	1181	116	1263
NODE_505_length_906976_cov_6.853119.27_2	157325403-2	9e-09	37.50	116	11	82	2	69	72	69
NODE_505_length_906976_cov_6.853119.34_7	56693162-3	4e-05	35.48	96	152	213	6	64	62	66
NODE_505_length_906976_cov_6.853119.35_6	gi|157325017|ref|YP_001468443.1|	4e-15	35.43	166	6	132	17	129	127	134
NODE_505_length_906976_cov_6.853119.35_10	9630157-1	4e-30	26.88	318	630	1023	316	688	398	695
NODE_505_length_906976_cov_6.853119.52_6	47073737-3	8e-10	36.70	146	506	612	1022	1125	109	1166
NODE_235_length_90026_cov_8.272466.8_3	29028708-3	3e-06	28.32	116	50	162	674	759	113	1036
NODE_235_length_90026_cov_8.272466.8_6	gi|329025302|ref|AEB71666.1|	2e-07	41.79	104	50	115	41	103	67	104
NODE_261_length_321461_cov_8.199894.17_5	29028708-3	9e-14	41.35	172	186	289	675	774	104	1036
NODE_261_length_321461_cov_8.199894.17_6	29028708-3	5e-15	42.00	182	194	292	675	771	100	1036
NODE_267_length_4676_cov_7.631737_5	239507410-3	3e-17	38.10	197	87	211	675	791	126	793
NODE_351_length_354039_cov_6.840114.31_8	29028708-3	6e-10	34.00	135	69	168	670	767	100	1036
NODE_361_length_352602_cov_6.831901.22_1	20065976-2	5e-34	33.80	338	58	337	6	282	287	392
NODE_361_length_352602_cov_6.831901.22_11	gi|34610166|ref|NP_918991.1|	1e-22	25.85	236	5	338	1	334	352	346
NODE_361_length_352602_cov_6.831901.23_6	281416361-2	1e-13	30.81	161	60	218	2	169	172	205
NODE_361_length_352602_cov_6.831901.29_5	119443702-1	3e-08	35.42	131	345	439	748	836	96	867
NODE_368_length_95913_cov_8.145454.8_8	gi|329025302|ref|AEB71666.1|	3e-08	42.42	111	50	115	41	103	66	104
NODE_173_length_51809_cov_8.202050.2_3	9632950-1	9e-06	25.34	110	39	257	69	261	221	1331
NODE_179_length_197611_cov_8.217700.0_8	gi|344055651|ref|AEM91847.1|	9e-05	53.57	83	31	58	53	80	28	103
NODE_179_length_197611_cov_8.217700.2_11	gi|119967901|ref|YP_950665.1|	3e-06	42.00	111	466	515	161	208	50	209
NODE_216_length_305319_cov_6.901228.0_7	9633052-1	8e-07	39.13	121	470	556	1102	1181	92	1263
NODE_216_length_305319_cov_6.901228.8_9	gi|310660177|ref|ADP02432.1|	8e-06	42.00	89	13	54	1	50	50	70
NODE_216_length_305319_cov_6.901228.18_1	gi|13786542|ref|NP_112674.1|	6e-63	59.20	499	7	172	9	167	174	207
NODE_27_length_35477_cov_8.181526.1_7	156604005-3	3e-10	33.85	147	264	375	1014	1140	130	1165
NODE_28_length_34835_cov_8.108799.1_2	gi|326783687|ref|YP_004324081.1|	1e-12	29.19	159	15	196	2150	2321	185	2328
NODE_29_length_44540_cov_9.429951.3_17	239507410-3	1e-08	33.01	125	85	182	675	770	103	793
NODE_129_length_160323_cov_8.254436.6_2	gi|354996277|ref|AER47624.1|	3e-29	48.67	261	2	108	62	174	113	174
NODE_131_length_92242_cov_8.320277.6_8	239507410-3	3e-16	41.12	194	152	258	672	776	107	793
NODE_131_length_92242_cov_8.320277.8_9	gi|9964627|ref|NP_064757.1|	6e-05	36.23	85	31	99	3	67	69	77
NODE_138_length_544_cov_19.593750_1	gi|61805905|ref|YP_214265.1|	1e-06	28.95	112	92	204	1813	1898	114	1908
NODE_157_length_58632_cov_8.156433.1_3	gi|310697363|ref|ADP06625.1|	3e-07	55.00	115	3	42	16	55	40	182
NODE_157_length_58632_cov_8.156433.1_4	gi|310697363|ref|ADP06625.1|	2e-06	44.90	108	18	66	9	55	49	182
NODE_157_length_58632_cov_8.156433.1_14	46402101-1	1e-29	34.12	304	66	356	88	354	296	446
NODE_157_length_58632_cov_8.156433.2_3	gi|323146132|ref|ADX32371.1|	2e-07	29.77	122	229	357	213	333	131	375
NODE_157_length_58632_cov_8.156433.2_13	gi|9633527|ref|NP_050640.1|	3e-05	30.43	93	17	122	18	122	115	141
NODE_157_length_58632_cov_8.156433.3_2	198449263-1	2e-11	39.44	150	133	202	97	167	71	170
NODE_250_length_251161_cov_8.263253.14_9	gi|310697363|ref|ADP06625.1|	7e-10	45.28	135	1	53	1	53	53	182
NODE_250_length_251161_cov_8.263253.14_10	gi|310697363|ref|ADP06625.1|	2e-10	43.48	140	6	74	5	68	69	182
